02-14 11:17:59 com_github_MitjaNemec_ReplicateLayout.action_replicate_layout 392:Plugin executed on: 'linux'
02-14 11:17:59 com_github_MitjaNemec_ReplicateLayout.action_replicate_layout 393:Plugin executed with python version: '3.10.12 (main, Nov 20 2023, 15:14:05) [GCC 11.4.0]'
02-14 11:17:59 com_github_MitjaNemec_ReplicateLayout.action_replicate_layout 394:KiCad build version: 7.0.10-7.0.10~ubuntu22.04.1
02-14 11:17:59 com_github_MitjaNemec_ReplicateLayout.action_replicate_layout 395:Plugin version: 2.1.3
02-14 11:17:59 com_github_MitjaNemec_ReplicateLayout.action_replicate_layout 396:Frame repr: <wx._core.Frame object at 0x7fb45c4c8dc0>
02-14 11:17:59 com_github_MitjaNemec_ReplicateLayout.action_replicate_layout 420:Preparing replicator with L3 as a reference
02-14 11:17:59 com_github_MitjaNemec_ReplicateLayout.replicate_layout 117:getting a list of all footprints on board
02-14 11:17:59 com_github_MitjaNemec_ReplicateLayout.action_replicate_layout 468:source anchor footprint is 'L3'
Located on: ['TPS63802_voltage_regulator']
With filenames: ['TPS63802_voltage_regulator.kicad_sch']
With sheet_id:['TPS63802_voltage_regulator']
02-14 11:17:59 com_github_MitjaNemec_ReplicateLayout.action_replicate_layout 475:Corresponding footprints are 
[('L4', ['TPS63802_voltage_regulator1']), ('L3', ['TPS63802_voltage_regulator'])]
02-14 11:17:59 com_github_MitjaNemec_ReplicateLayout.action_replicate_layout 487:Showing dialog
02-14 11:17:59 com_github_MitjaNemec_ReplicateLayout.replicate_layout 424:constructing a list of sheets suitable for replication on level:'TPS63802_voltage_regulator', file:'TPS63802_voltage_regulator.kicad_sch'
02-14 11:17:59 com_github_MitjaNemec_ReplicateLayout.replicate_layout 461:suitable sheets are:[['TPS63802_voltage_regulator1']]
02-14 11:17:59 com_github_MitjaNemec_ReplicateLayout.replicate_layout 1464:Level selected: ['TPS63802_voltage_regulator']
02-14 11:17:59 com_github_MitjaNemec_ReplicateLayout.replicate_layout 1299:Filtering list of tracks
02-14 11:17:59 com_github_MitjaNemec_ReplicateLayout.action_replicate_layout 493:Toolbar position: wx.Point(5520, 100)
02-14 11:17:59 com_github_MitjaNemec_ReplicateLayout.action_replicate_layout 498:Dialog position: wx.Point(5081, 100)
02-14 11:18:04 com_github_MitjaNemec_ReplicateLayout.replicate_layout 424:constructing a list of sheets suitable for replication on level:'TPS63802_voltage_regulator', file:'TPS63802_voltage_regulator.kicad_sch'
02-14 11:18:04 com_github_MitjaNemec_ReplicateLayout.replicate_layout 461:suitable sheets are:[['TPS63802_voltage_regulator1']]
02-14 11:18:04 com_github_MitjaNemec_ReplicateLayout.replicate_layout 1464:Level selected: ['TPS63802_voltage_regulator']
02-14 11:18:04 com_github_MitjaNemec_ReplicateLayout.replicate_layout 1299:Filtering list of tracks
02-14 11:18:04 com_github_MitjaNemec_ReplicateLayout.replicate_layout 424:constructing a list of sheets suitable for replication on level:'TPS63802_voltage_regulator', file:'TPS63802_voltage_regulator.kicad_sch'
02-14 11:18:04 com_github_MitjaNemec_ReplicateLayout.replicate_layout 461:suitable sheets are:[['TPS63802_voltage_regulator1']]
02-14 11:18:04 com_github_MitjaNemec_ReplicateLayout.replicate_layout 1464:Level selected: ['TPS63802_voltage_regulator']
02-14 11:18:04 com_github_MitjaNemec_ReplicateLayout.replicate_layout 1299:Filtering list of tracks
02-14 11:18:05 com_github_MitjaNemec_ReplicateLayout.replicate_layout 424:constructing a list of sheets suitable for replication on level:'TPS63802_voltage_regulator', file:'TPS63802_voltage_regulator.kicad_sch'
02-14 11:18:05 com_github_MitjaNemec_ReplicateLayout.replicate_layout 461:suitable sheets are:[['TPS63802_voltage_regulator1']]
02-14 11:18:05 com_github_MitjaNemec_ReplicateLayout.replicate_layout 1464:Level selected: ['TPS63802_voltage_regulator']
02-14 11:18:05 com_github_MitjaNemec_ReplicateLayout.replicate_layout 1299:Filtering list of tracks
02-14 11:18:06 com_github_MitjaNemec_ReplicateLayout.replicate_layout 424:constructing a list of sheets suitable for replication on level:'TPS63802_voltage_regulator', file:'TPS63802_voltage_regulator.kicad_sch'
02-14 11:18:06 com_github_MitjaNemec_ReplicateLayout.replicate_layout 461:suitable sheets are:[['TPS63802_voltage_regulator1']]
02-14 11:18:06 com_github_MitjaNemec_ReplicateLayout.replicate_layout 1464:Level selected: ['TPS63802_voltage_regulator']
02-14 11:18:06 com_github_MitjaNemec_ReplicateLayout.replicate_layout 1299:Filtering list of tracks
02-14 11:18:07 com_github_MitjaNemec_ReplicateLayout.replicate_layout 424:constructing a list of sheets suitable for replication on level:'TPS63802_voltage_regulator', file:'TPS63802_voltage_regulator.kicad_sch'
02-14 11:18:07 com_github_MitjaNemec_ReplicateLayout.replicate_layout 461:suitable sheets are:[['TPS63802_voltage_regulator1']]
02-14 11:18:07 com_github_MitjaNemec_ReplicateLayout.replicate_layout 1464:Level selected: ['TPS63802_voltage_regulator']
02-14 11:18:07 com_github_MitjaNemec_ReplicateLayout.replicate_layout 1299:Filtering list of tracks
02-14 11:18:09 com_github_MitjaNemec_ReplicateLayout.replicate_layout 424:constructing a list of sheets suitable for replication on level:'TPS63802_voltage_regulator', file:'TPS63802_voltage_regulator.kicad_sch'
02-14 11:18:09 com_github_MitjaNemec_ReplicateLayout.replicate_layout 461:suitable sheets are:[['TPS63802_voltage_regulator1']]
02-14 11:18:09 com_github_MitjaNemec_ReplicateLayout.action_replicate_layout 240:Replicating layout
02-14 11:18:09 com_github_MitjaNemec_ReplicateLayout.replicate_layout 240:Starting replication of sheets: [['TPS63802_voltage_regulator1']]
on level: ['TPS63802_voltage_regulator']
with tracks=True, zone=True, text=True, text=True, intersecting=True, remove=True, locked footprints=True, group_only=False
02-14 11:18:09 root 332:updating GUI message: 'Preparing for replication'
02-14 11:18:09 com_github_MitjaNemec_ReplicateLayout.replicate_layout 310:Getting the list of source footprints
02-14 11:18:09 root 337:updating GUI with: 0
02-14 11:18:09 com_github_MitjaNemec_ReplicateLayout.replicate_layout 320:Getting the list of all the remaining footprints
02-14 11:18:09 com_github_MitjaNemec_ReplicateLayout.replicate_layout 327:Getting source tracks
02-14 11:18:09 com_github_MitjaNemec_ReplicateLayout.replicate_layout 1299:Filtering list of tracks
02-14 11:18:09 com_github_MitjaNemec_ReplicateLayout.replicate_layout 331:Getting source zones
02-14 11:18:09 com_github_MitjaNemec_ReplicateLayout.replicate_layout 335:Getting source text items
02-14 11:18:09 com_github_MitjaNemec_ReplicateLayout.replicate_layout 339:Getting source drawing items
02-14 11:18:09 com_github_MitjaNemec_ReplicateLayout.replicate_layout 272:Removing tracks and zones, before footprint placement
02-14 11:18:09 root 332:updating GUI message: 'Removing zones and tracks'
02-14 11:18:09 root 337:updating GUI with: 0
02-14 11:18:09 com_github_MitjaNemec_ReplicateLayout.replicate_layout 1245:Remove bounding box top:116984551, bottom:124892500, Left:24205000, Right:34115000
02-14 11:18:09 root 332:updating GUI message: 'Replicating footprints'
02-14 11:18:09 com_github_MitjaNemec_ReplicateLayout.replicate_layout 806:Replicating footprints
02-14 11:18:09 com_github_MitjaNemec_ReplicateLayout.replicate_layout 813:Replicating footprints on sheet ['TPS63802_voltage_regulator1']
02-14 11:18:09 com_github_MitjaNemec_ReplicateLayout.replicate_layout 280:Removing tracks and zones, after footprint placement
02-14 11:18:09 root 332:updating GUI message: 'Removing zones and tracks'
02-14 11:18:09 com_github_MitjaNemec_ReplicateLayout.replicate_layout 1245:Remove bounding box top:116984551, bottom:124892500, Left:24205000, Right:34115000
02-14 11:18:09 root 332:updating GUI message: 'Replicating tracks'
02-14 11:18:09 root 337:updating GUI with: 0
02-14 11:18:09 com_github_MitjaNemec_ReplicateLayout.replicate_layout 977:Replicating tracks
02-14 11:18:09 com_github_MitjaNemec_ReplicateLayout.replicate_layout 983:Replicating tracks on sheet ['TPS63802_voltage_regulator1']
02-14 11:18:09 com_github_MitjaNemec_ReplicateLayout.replicate_layout 766:Net pairs for sheet ['TPS63802_voltage_regulator1'] :[('+3V3', '+5V'), ('GND', 'GND'), ('+BATT', '+BATT'), ('Net-(U7-L2)', 'Net-(U8-L2)'), ('/TPS63802_voltage_regulator/FB', '/TPS63802_voltage_regulator1/FB'), ('Net-(U7-L1)', 'Net-(U8-L1)'), ('/TPS63802_voltage_regulator/PG', '/TPS63802_voltage_regulator1/PG')]
02-14 11:18:10 root 332:updating GUI message: 'Replicating zones'
02-14 11:18:10 com_github_MitjaNemec_ReplicateLayout.replicate_layout 1047:Replicating zones
02-14 11:18:10 com_github_MitjaNemec_ReplicateLayout.replicate_layout 1054:Replicating zones on sheet ['TPS63802_voltage_regulator1']
02-14 11:18:10 com_github_MitjaNemec_ReplicateLayout.replicate_layout 766:Net pairs for sheet ['TPS63802_voltage_regulator1'] :[('+3V3', '+5V'), ('GND', 'GND'), ('+BATT', '+BATT'), ('Net-(U7-L2)', 'Net-(U8-L2)'), ('/TPS63802_voltage_regulator/FB', '/TPS63802_voltage_regulator1/FB'), ('Net-(U7-L1)', 'Net-(U8-L1)'), ('/TPS63802_voltage_regulator/PG', '/TPS63802_voltage_regulator1/PG')]
02-14 11:18:10 root 332:updating GUI message: 'Replicating text'
02-14 11:18:10 com_github_MitjaNemec_ReplicateLayout.replicate_layout 1136:Replicating text
02-14 11:18:10 com_github_MitjaNemec_ReplicateLayout.replicate_layout 1143:Replicating text on sheet ['TPS63802_voltage_regulator1']
02-14 11:18:10 root 332:updating GUI message: 'Replicating drawings'
02-14 11:18:10 com_github_MitjaNemec_ReplicateLayout.replicate_layout 1187:Replicating drawings
02-14 11:18:10 com_github_MitjaNemec_ReplicateLayout.replicate_layout 1193:Replicating drawings on sheet ['TPS63802_voltage_regulator1']
02-14 11:18:10 root 332:updating GUI message: 'Removing duplicates'
02-14 11:18:10 com_github_MitjaNemec_ReplicateLayout.action_replicate_layout 256:Replication complete
